# JRE version: Java(TM) SE Runtime Environment (8.0_131-b11) (build 1.8.0_131-b11)
# Java VM: Java HotSpot(TM) 64-Bit Server VM (25.131-b11 mixed mode windows-amd64 compressed oops)
Heap:
 PSYoungGen      total 327680K, used 176087K [0x00000000d6e00000, 0x00000000f0180000, 0x0000000100000000)
  eden space 275968K, 48% used [0x00000000d6e00000,0x00000000defaf0d8,0x00000000e7b80000)
  from space 51712K, 83% used [0x00000000e7b80000,0x00000000ea5c6de0,0x00000000eae00000)
  to   space 56320K, 0% used [0x00000000eca80000,0x00000000eca80000,0x00000000f0180000)
 ParOldGen       total 261120K, used 79906K [0x0000000084a00000, 0x0000000094900000, 0x00000000d6e00000)
  object space 261120K, 30% used [0x0000000084a00000,0x00000000898088c0,0x0000000094900000)
 Metaspace       used 125167K, capacity 127928K, committed 128768K, reserved 1163264K
  class space    used 13918K, capacity 14547K, committed 14592K, reserved 1048576K
GC Heap History (10 events):
Event: 198.581 GC heap before
{Heap before GC invocations=43 (full 4):
 PSYoungGen      total 282624K, used 240205K [0x00000000d6e00000, 0x00000000ec480000, 0x0000000100000000)
  eden space 224768K, 100% used [0x00000000d6e00000,0x00000000e4980000,0x00000000e4980000)
  from space 57856K, 26% used [0x00000000e8c00000,0x00000000e9b13430,0x00000000ec480000)
  to   space 62976K, 0% used [0x00000000e4980000,0x00000000e4980000,0x00000000e8700000)
 ParOldGen       total 261120K, used 79856K [0x0000000084a00000, 0x0000000094900000, 0x00000000d6e00000)
  object space 261120K, 30% used [0x0000000084a00000,0x00000000897fc3f8,0x0000000094900000)
 Metaspace       used 112327K, capacity 115018K, committed 115712K, reserved 1150976K
  class space    used 12672K, capacity 13268K, committed 13312K, reserved 1048576K
Event: 198.598 GC heap after
Heap after GC invocations=43 (full 4):
 PSYoungGen      total 287744K, used 15153K [0x00000000d6e00000, 0x00000000ed900000, 0x0000000100000000)
  eden space 224768K, 0% used [0x00000000d6e00000,0x00000000d6e00000,0x00000000e4980000)
  from space 62976K, 24% used [0x00000000e4980000,0x00000000e584c4d0,0x00000000e8700000)
  to   space 60928K, 0% used [0x00000000e9d80000,0x00000000e9d80000,0x00000000ed900000)
 ParOldGen       total 261120K, used 79864K [0x0000000084a00000, 0x0000000094900000, 0x00000000d6e00000)
  object space 261120K, 30% used [0x0000000084a00000,0x00000000897fe3f8,0x0000000094900000)
 Metaspace       used 112327K, capacity 115018K, committed 115712K, reserved 1150976K
  class space    used 12672K, capacity 13268K, committed 13312K, reserved 1048576K
}
Event: 200.004 GC heap before
{Heap before GC invocations=44 (full 4):
 PSYoungGen      total 287744K, used 239921K [0x00000000d6e00000, 0x00000000ed900000, 0x0000000100000000)
  eden space 224768K, 100% used [0x00000000d6e00000,0x00000000e4980000,0x00000000e4980000)
  from space 62976K, 24% used [0x00000000e4980000,0x00000000e584c4d0,0x00000000e8700000)
  to   space 60928K, 0% used [0x00000000e9d80000,0x00000000e9d80000,0x00000000ed900000)
 ParOldGen       total 261120K, used 79864K [0x0000000084a00000, 0x0000000094900000, 0x00000000d6e00000)
  object space 261120K, 30% used [0x0000000084a00000,0x00000000897fe3f8,0x0000000094900000)
 Metaspace       used 115290K, capacity 117978K, committed 118784K, reserved 1155072K
  class space    used 12909K, capacity 13500K, committed 13568K, reserved 1048576K
Event: 200.031 GC heap after
Heap after GC invocations=44 (full 4):
 PSYoungGen      total 306688K, used 16606K [0x00000000d6e00000, 0x00000000ed480000, 0x0000000100000000)
  eden space 250368K, 0% used [0x00000000d6e00000,0x00000000d6e00000,0x00000000e6280000)
  from space 56320K, 29% used [0x00000000e9d80000,0x00000000eadb79a8,0x00000000ed480000)
  to   space 58368K, 0% used [0x00000000e6280000,0x00000000e6280000,0x00000000e9b80000)
 ParOldGen       total 261120K, used 79872K [0x0000000084a00000, 0x0000000094900000, 0x00000000d6e00000)
  object space 261120K, 30% used [0x0000000084a00000,0x00000000898003f8,0x0000000094900000)
 Metaspace       used 115290K, capacity 117978K, committed 118784K, reserved 1155072K
  class space    used 12909K, capacity 13500K, committed 13568K, reserved 1048576K
}
Event: 203.116 GC heap before
{Heap before GC invocations=45 (full 4):
 PSYoungGen      total 306688K, used 266974K [0x00000000d6e00000, 0x00000000ed480000, 0x0000000100000000)
  eden space 250368K, 100% used [0x00000000d6e00000,0x00000000e6280000,0x00000000e6280000)
  from space 56320K, 29% used [0x00000000e9d80000,0x00000000eadb79a8,0x00000000ed480000)
  to   space 58368K, 0% used [0x00000000e6280000,0x00000000e6280000,0x00000000e9b80000)
 ParOldGen       total 261120K, used 79872K [0x0000000084a00000, 0x0000000094900000, 0x00000000d6e00000)
  object space 261120K, 30% used [0x0000000084a00000,0x00000000898003f8,0x0000000094900000)
 Metaspace       used 119162K, capacity 121810K, committed 122496K, reserved 1157120K
  class space    used 13295K, capacity 13894K, committed 13952K, reserved 1048576K
Event: 203.152 GC heap after
Heap after GC invocations=45 (full 4):
 PSYoungGen      total 308736K, used 21359K [0x00000000d6e00000, 0x00000000ee500000, 0x0000000100000000)
  eden space 250368K, 0% used [0x00000000d6e00000,0x00000000d6e00000,0x00000000e6280000)
  from space 58368K, 36% used [0x00000000e6280000,0x00000000e775be30,0x00000000e9b80000)
  to   space 54784K, 0% used [0x00000000eaf80000,0x00000000eaf80000,0x00000000ee500000)
 ParOldGen       total 261120K, used 79880K [0x0000000084a00000, 0x0000000094900000, 0x00000000d6e00000)
  object space 261120K, 30% used [0x0000000084a00000,0x00000000898023f8,0x0000000094900000)
 Metaspace       used 119162K, capacity 121810K, committed 122496K, reserved 1157120K
  class space    used 13295K, capacity 13894K, committed 13952K, reserved 1048576K
}
Event: 204.393 GC heap before
{Heap before GC invocations=46 (full 4):
 PSYoungGen      total 308736K, used 271727K [0x00000000d6e00000, 0x00000000ee500000, 0x0000000100000000)
  eden space 250368K, 100% used [0x00000000d6e00000,0x00000000e6280000,0x00000000e6280000)
  from space 58368K, 36% used [0x00000000e6280000,0x00000000e775be30,0x00000000e9b80000)
  to   space 54784K, 0% used [0x00000000eaf80000,0x00000000eaf80000,0x00000000ee500000)
 ParOldGen       total 261120K, used 79880K [0x0000000084a00000, 0x0000000094900000, 0x00000000d6e00000)
  object space 261120K, 30% used [0x0000000084a00000,0x00000000898023f8,0x0000000094900000)
 Metaspace       used 122535K, capacity 125266K, committed 126080K, reserved 1161216K
  class space    used 13543K, capacity 14150K, committed 14208K, reserved 1048576K
Event: 204.425 GC heap after
Heap after GC invocations=46 (full 4):
 PSYoungGen      total 326144K, used 22411K [0x00000000d6e00000, 0x00000000ee080000, 0x0000000100000000)
  eden space 275968K, 0% used [0x00000000d6e00000,0x00000000d6e00000,0x00000000e7b80000)
  from space 50176K, 44% used [0x00000000eaf80000,0x00000000ec562ce0,0x00000000ee080000)
  to   space 51712K, 0% used [0x00000000e7b80000,0x00000000e7b80000,0x00000000eae00000)
 ParOldGen       total 261120K, used 79880K [0x0000000084a00000, 0x0000000094900000, 0x00000000d6e00000)
  object space 261120K, 30% used [0x0000000084a00000,0x00000000898023f8,0x0000000094900000)
 Metaspace       used 122535K, capacity 125266K, committed 126080K, reserved 1161216K
  class space    used 13543K, capacity 14150K, committed 14208K, reserved 1048576K
}
Event: 221.863 GC heap before
{Heap before GC invocations=47 (full 4):
 PSYoungGen      total 326144K, used 298379K [0x00000000d6e00000, 0x00000000ee080000, 0x0000000100000000)
  eden space 275968K, 100% used [0x00000000d6e00000,0x00000000e7b80000,0x00000000e7b80000)
  from space 50176K, 44% used [0x00000000eaf80000,0x00000000ec562ce0,0x00000000ee080000)
  to   space 51712K, 0% used [0x00000000e7b80000,0x00000000e7b80000,0x00000000eae00000)
 ParOldGen       total 261120K, used 79898K [0x0000000084a00000, 0x0000000094900000, 0x00000000d6e00000)
  object space 261120K, 30% used [0x0000000084a00000,0x00000000898068c0,0x0000000094900000)
 Metaspace       used 125146K, capacity 127928K, committed 128768K, reserved 1163264K
  class space    used 13918K, capacity 14547K, committed 14592K, reserved 1048576K
Event: 221.913 GC heap after
Heap after GC invocations=47 (full 4):
 PSYoungGen      total 327680K, used 43291K [0x00000000d6e00000, 0x00000000f0180000, 0x0000000100000000)
  eden space 275968K, 0% used [0x00000000d6e00000,0x00000000d6e00000,0x00000000e7b80000)
  from space 51712K, 83% used [0x00000000e7b80000,0x00000000ea5c6de0,0x00000000eae00000)
  to   space 56320K, 0% used [0x00000000eca80000,0x00000000eca80000,0x00000000f0180000)
 ParOldGen       total 261120K, used 79906K [0x0000000084a00000, 0x0000000094900000, 0x00000000d6e00000)
  object space 261120K, 30% used [0x0000000084a00000,0x00000000898088c0,0x0000000094900000)
 Metaspace       used 125146K, capacity 127928K, committed 128768K, reserved 1163264K
  class space    used 13918K, capacity 14547K, committed 14592K, reserved 1048576K
}

