# JRE version: Java(TM) SE Runtime Environment (8.0_131-b11) (build 1.8.0_131-b11)
# Java VM: Java HotSpot(TM) 64-Bit Server VM (25.131-b11 mixed mode windows-amd64 compressed oops)
Heap:
 PSYoungGen      total 290816K, used 208055K [0x00000000d6e00000, 0x00000000eeb00000, 0x0000000100000000)
  eden space 270336K, 69% used [0x00000000d6e00000,0x00000000e25318a0,0x00000000e7600000)
  from space 20480K, 99% used [0x00000000e7600000,0x00000000e89fc368,0x00000000e8a00000)
  to   space 29696K, 0% used [0x00000000ece00000,0x00000000ece00000,0x00000000eeb00000)
 ParOldGen       total 120320K, used 47882K [0x0000000084a00000, 0x000000008bf80000, 0x00000000d6e00000)
  object space 120320K, 39% used [0x0000000084a00000,0x00000000878c2b40,0x000000008bf80000)
 Metaspace       used 70099K, capacity 72326K, committed 72448K, reserved 1114112K
  class space    used 8116K, capacity 8642K, committed 8704K, reserved 1048576K
GC Heap History (10 events):
Event: 40.783 GC heap before
{Heap before GC invocations=22 (full 2):
 PSYoungGen      total 206848K, used 115457K [0x00000000d6e00000, 0x00000000e6d00000, 0x0000000100000000)
  eden space 193536K, 52% used [0x00000000d6e00000,0x00000000dd1c18a0,0x00000000e2b00000)
  from space 13312K, 99% used [0x00000000e2b00000,0x00000000e37fec48,0x00000000e3800000)
  to   space 15872K, 0% used [0x00000000e5d80000,0x00000000e5d80000,0x00000000e6d00000)
 ParOldGen       total 86016K, used 20351K [0x0000000084a00000, 0x0000000089e00000, 0x00000000d6e00000)
  object space 86016K, 23% used [0x0000000084a00000,0x0000000085ddfee0,0x0000000089e00000)
 Metaspace       used 56957K, capacity 59026K, committed 59160K, reserved 1101824K
  class space    used 6787K, capacity 7243K, committed 7296K, reserved 1048576K
Event: 40.802 GC heap after
Heap after GC invocations=22 (full 2):
 PSYoungGen      total 244224K, used 12105K [0x00000000d6e00000, 0x00000000e7480000, 0x0000000100000000)
  eden space 228352K, 0% used [0x00000000d6e00000,0x00000000d6e00000,0x00000000e4d00000)
  from space 15872K, 76% used [0x00000000e5d80000,0x00000000e69526c8,0x00000000e6d00000)
  to   space 16896K, 0% used [0x00000000e4d00000,0x00000000e4d00000,0x00000000e5d80000)
 ParOldGen       total 86016K, used 21743K [0x0000000084a00000, 0x0000000089e00000, 0x00000000d6e00000)
  object space 86016K, 25% used [0x0000000084a00000,0x0000000085f3bf10,0x0000000089e00000)
 Metaspace       used 56957K, capacity 59026K, committed 59160K, reserved 1101824K
  class space    used 6787K, capacity 7243K, committed 7296K, reserved 1048576K
}
Event: 40.802 GC heap before
{Heap before GC invocations=23 (full 3):
 PSYoungGen      total 244224K, used 12105K [0x00000000d6e00000, 0x00000000e7480000, 0x0000000100000000)
  eden space 228352K, 0% used [0x00000000d6e00000,0x00000000d6e00000,0x00000000e4d00000)
  from space 15872K, 76% used [0x00000000e5d80000,0x00000000e69526c8,0x00000000e6d00000)
  to   space 16896K, 0% used [0x00000000e4d00000,0x00000000e4d00000,0x00000000e5d80000)
 ParOldGen       total 86016K, used 21743K [0x0000000084a00000, 0x0000000089e00000, 0x00000000d6e00000)
  object space 86016K, 25% used [0x0000000084a00000,0x0000000085f3bf10,0x0000000089e00000)
 Metaspace       used 56957K, capacity 59026K, committed 59160K, reserved 1101824K
  class space    used 6787K, capacity 7243K, committed 7296K, reserved 1048576K
Event: 41.015 GC heap after
Heap after GC invocations=23 (full 3):
 PSYoungGen      total 244224K, used 0K [0x00000000d6e00000, 0x00000000e7480000, 0x0000000100000000)
  eden space 228352K, 0% used [0x00000000d6e00000,0x00000000d6e00000,0x00000000e4d00000)
  from space 15872K, 0% used [0x00000000e5d80000,0x00000000e5d80000,0x00000000e6d00000)
  to   space 16896K, 0% used [0x00000000e4d00000,0x00000000e4d00000,0x00000000e5d80000)
 ParOldGen       total 120320K, used 30721K [0x0000000084a00000, 0x000000008bf80000, 0x00000000d6e00000)
  object space 120320K, 25% used [0x0000000084a00000,0x0000000086800620,0x000000008bf80000)
 Metaspace       used 56954K, capacity 59020K, committed 59160K, reserved 1101824K
  class space    used 6787K, capacity 7242K, committed 7296K, reserved 1048576K
}
Event: 48.634 GC heap before
{Heap before GC invocations=24 (full 3):
 PSYoungGen      total 244224K, used 228352K [0x00000000d6e00000, 0x00000000e7480000, 0x0000000100000000)
  eden space 228352K, 100% used [0x00000000d6e00000,0x00000000e4d00000,0x00000000e4d00000)
  from space 15872K, 0% used [0x00000000e5d80000,0x00000000e5d80000,0x00000000e6d00000)
  to   space 16896K, 0% used [0x00000000e4d00000,0x00000000e4d00000,0x00000000e5d80000)
 ParOldGen       total 120320K, used 30721K [0x0000000084a00000, 0x000000008bf80000, 0x00000000d6e00000)
  object space 120320K, 25% used [0x0000000084a00000,0x0000000086800620,0x000000008bf80000)
 Metaspace       used 62185K, capacity 64356K, committed 64640K, reserved 1105920K
  class space    used 7202K, capacity 7694K, committed 7808K, reserved 1048576K
Event: 48.649 GC heap after
Heap after GC invocations=24 (full 3):
 PSYoungGen      total 245248K, used 13664K [0x00000000d6e00000, 0x00000000e9c80000, 0x0000000100000000)
  eden space 228352K, 0% used [0x00000000d6e00000,0x00000000d6e00000,0x00000000e4d00000)
  from space 16896K, 80% used [0x00000000e4d00000,0x00000000e5a58200,0x00000000e5d80000)
  to   space 17920K, 0% used [0x00000000e8b00000,0x00000000e8b00000,0x00000000e9c80000)
 ParOldGen       total 120320K, used 30729K [0x0000000084a00000, 0x000000008bf80000, 0x00000000d6e00000)
  object space 120320K, 25% used [0x0000000084a00000,0x0000000086802620,0x000000008bf80000)
 Metaspace       used 62185K, capacity 64356K, committed 64640K, reserved 1105920K
  class space    used 7202K, capacity 7694K, committed 7808K, reserved 1048576K
}
Event: 53.825 GC heap before
{Heap before GC invocations=25 (full 3):
 PSYoungGen      total 245248K, used 242016K [0x00000000d6e00000, 0x00000000e9c80000, 0x0000000100000000)
  eden space 228352K, 100% used [0x00000000d6e00000,0x00000000e4d00000,0x00000000e4d00000)
  from space 16896K, 80% used [0x00000000e4d00000,0x00000000e5a58200,0x00000000e5d80000)
  to   space 17920K, 0% used [0x00000000e8b00000,0x00000000e8b00000,0x00000000e9c80000)
 ParOldGen       total 120320K, used 30729K [0x0000000084a00000, 0x000000008bf80000, 0x00000000d6e00000)
  object space 120320K, 25% used [0x0000000084a00000,0x0000000086802620,0x000000008bf80000)
 Metaspace       used 65018K, capacity 67176K, committed 67456K, reserved 1107968K
  class space    used 7560K, capacity 8057K, committed 8064K, reserved 1048576K
Event: 53.848 GC heap after
Heap after GC invocations=25 (full 3):
 PSYoungGen      total 288256K, used 17917K [0x00000000d6e00000, 0x00000000e9e00000, 0x0000000100000000)
  eden space 270336K, 0% used [0x00000000d6e00000,0x00000000d6e00000,0x00000000e7600000)
  from space 17920K, 99% used [0x00000000e8b00000,0x00000000e9c7f400,0x00000000e9c80000)
  to   space 20480K, 0% used [0x00000000e7600000,0x00000000e7600000,0x00000000e8a00000)
 ParOldGen       total 120320K, used 30898K [0x0000000084a00000, 0x000000008bf80000, 0x00000000d6e00000)
  object space 120320K, 25% used [0x0000000084a00000,0x000000008682caa8,0x000000008bf80000)
 Metaspace       used 65018K, capacity 67176K, committed 67456K, reserved 1107968K
  class space    used 7560K, capacity 8057K, committed 8064K, reserved 1048576K
}
Event: 56.170 GC heap before
{Heap before GC invocations=26 (full 3):
 PSYoungGen      total 288256K, used 288253K [0x00000000d6e00000, 0x00000000e9e00000, 0x0000000100000000)
  eden space 270336K, 100% used [0x00000000d6e00000,0x00000000e7600000,0x00000000e7600000)
  from space 17920K, 99% used [0x00000000e8b00000,0x00000000e9c7f400,0x00000000e9c80000)
  to   space 20480K, 0% used [0x00000000e7600000,0x00000000e7600000,0x00000000e8a00000)
 ParOldGen       total 120320K, used 30898K [0x0000000084a00000, 0x000000008bf80000, 0x00000000d6e00000)
  object space 120320K, 25% used [0x0000000084a00000,0x000000008682caa8,0x000000008bf80000)
 Metaspace       used 69997K, capacity 72230K, committed 72448K, reserved 1114112K
  class space    used 8108K, capacity 8610K, committed 8704K, reserved 1048576K
Event: 56.230 GC heap after
Heap after GC invocations=26 (full 3):
 PSYoungGen      total 290816K, used 20464K [0x00000000d6e00000, 0x00000000eeb00000, 0x0000000100000000)
  eden space 270336K, 0% used [0x00000000d6e00000,0x00000000d6e00000,0x00000000e7600000)
  from space 20480K, 99% used [0x00000000e7600000,0x00000000e89fc368,0x00000000e8a00000)
  to   space 29696K, 0% used [0x00000000ece00000,0x00000000ece00000,0x00000000eeb00000)
 ParOldGen       total 120320K, used 47882K [0x0000000084a00000, 0x000000008bf80000, 0x00000000d6e00000)
  object space 120320K, 39% used [0x0000000084a00000,0x00000000878c2b40,0x000000008bf80000)
 Metaspace       used 69997K, capacity 72230K, committed 72448K, reserved 1114112K
  class space    used 8108K, capacity 8610K, committed 8704K, reserved 1048576K
}

